Log file open, 01/28/19 17:22:04
LogWindows: Failed to load 'aqProf.dll' (GetLastError=126)
LogWindows: File 'aqProf.dll' does not exist
LogWindows: Failed to load 'VtuneApi.dll' (GetLastError=126)
LogWindows: File 'VtuneApi.dll' does not exist
LogWindows: Failed to load 'VtuneApi32e.dll' (GetLastError=126)
LogWindows: File 'VtuneApi32e.dll' does not exist
LogConsoleResponse: Display: Failed to find resolution value strings in scalability ini. Falling back to default.
LogInit: Display: Running engine for game: MyProject
LogPakFile: Registered encryption key '00000000000000000000000000000000': 0 pak files mounted, 0 remain pending
LogPlatformFile: Not using cached read wrapper
LogTaskGraph: Started task graph with 5 named threads and 14 total threads with 3 sets of task threads.
LogStats: Stats thread started at 3.750475
LogD3D11RHI: Loaded GFSDK_Aftermath_Lib.x64.dll
LogICUInternationalization: ICU TimeZone Detection - Raw Offset: -7:00, Platform Override: ''
LogPluginManager: Mounting plugin Paper2D
LogPluginManager: Mounting plugin AISupport
LogPluginManager: Mounting plugin LightPropagationVolume
LogPluginManager: Mounting plugin ActorLayerUtilities
LogPluginManager: Mounting plugin CLionSourceCodeAccess
LogPluginManager: Mounting plugin CodeLiteSourceCodeAccess
LogPluginManager: Mounting plugin GitSourceControl
LogPluginManager: Mounting plugin KDevelopSourceCodeAccess
LogPluginManager: Mounting plugin NullSourceCodeAccess
LogPluginManager: Mounting plugin PerforceSourceControl
LogPluginManager: Mounting plugin SubversionSourceControl
LogPluginManager: Mounting plugin UObjectPlugin
LogPluginManager: Mounting plugin VisualStudioCodeSourceCodeAccess
LogPluginManager: Mounting plugin VisualStudioSourceCodeAccess
LogPluginManager: Mounting plugin XCodeSourceCodeAccess
LogPluginManager: Mounting plugin AssetManagerEditor
LogPluginManager: Mounting plugin CryptoKeys
LogPluginManager: Mounting plugin DataValidation
LogPluginManager: Mounting plugin FacialAnimation
LogPluginManager: Mounting plugin GameplayTagsEditor
LogPluginManager: Mounting plugin MacGraphicsSwitching
LogPluginManager: Mounting plugin MeshEditor
LogPluginManager: Mounting plugin MobileLauncherProfileWizard
LogPluginManager: Mounting plugin PluginBrowser
LogPluginManager: Mounting plugin SpeedTreeImporter
LogPluginManager: Mounting plugin DatasmithContent
LogPluginManager: Mounting plugin VariantManagerContent
LogPluginManager: Mounting plugin AlembicImporter
LogPluginManager: Mounting plugin AppleImageUtils
LogPluginManager: Mounting plugin AppleVision
LogPluginManager: Mounting plugin BackChannel
LogPluginManager: Mounting plugin CharacterAI
LogPluginManager: Mounting plugin GeometryCache
LogPluginManager: Mounting plugin HTML5Networking
LogPluginManager: Mounting plugin ProxyLODPlugin
LogPluginManager: Mounting plugin MagicLeap
LogPluginManager: Mounting plugin MagicLeapMedia
LogPluginManager: Mounting plugin AndroidMedia
LogPluginManager: Mounting plugin AvfMedia
LogPluginManager: Mounting plugin ImgMedia
LogPluginManager: Mounting plugin LinearTimecode
LogPluginManager: Mounting plugin MediaCompositing
LogPluginManager: Mounting plugin MediaPlayerEditor
LogPluginManager: Mounting plugin WebMMedia
LogPluginManager: Mounting plugin WmfMedia
LogPluginManager: Mounting plugin TcpMessaging
LogPluginManager: Mounting plugin UdpMessaging
LogPluginManager: Mounting plugin ActorSequence
LogPluginManager: Mounting plugin LevelSequenceEditor
LogPluginManager: Mounting plugin MatineeToLevelSequence
LogPluginManager: Mounting plugin NetcodeUnitTest
LogPluginManager: Mounting plugin NUTUnrealEngine4
LogPluginManager: Mounting plugin OnlineSubsystemGooglePlay
LogPluginManager: Mounting plugin OnlineSubsystemIOS
LogPluginManager: Mounting plugin OnlineSubsystem
LogPluginManager: Mounting plugin OnlineSubsystemNull
LogPluginManager: Mounting plugin OnlineSubsystemUtils
LogPluginManager: Mounting plugin LauncherChunkInstaller
LogPluginManager: Mounting plugin AndroidDeviceProfileSelector
LogPluginManager: Mounting plugin AndroidMoviePlayer
LogPluginManager: Mounting plugin AndroidPermission
LogPluginManager: Mounting plugin AppleMoviePlayer
LogPluginManager: Mounting plugin ArchVisCharacter
LogPluginManager: Mounting plugin AudioCapture
LogPluginManager: Mounting plugin CableComponent
LogPluginManager: Mounting plugin CustomMeshComponent
LogPluginManager: Mounting plugin EditableMesh
LogPluginManager: Mounting plugin ExampleDeviceProfileSelector
LogPluginManager: Mounting plugin Firebase
LogPluginManager: Mounting plugin GoogleCloudMessaging
LogPluginManager: Mounting plugin IOSDeviceProfileSelector
LogPluginManager: Mounting plugin LinuxDeviceProfileSelector
LogPluginManager: Mounting plugin LocationServicesBPLibrary
LogPluginManager: Mounting plugin MobilePatchingUtils
LogPluginManager: Mounting plugin OculusVR
LogPluginManager: Mounting plugin PhysXVehicles
LogPluginManager: Mounting plugin ProceduralMeshComponent
LogPluginManager: Mounting plugin RuntimePhysXCooking
LogPluginManager: Mounting plugin SteamVR
LogPluginManager: Mounting plugin WebMMoviePlayer
LogPluginManager: Mounting plugin WindowsMoviePlayer
LogStreaming: Display: Took  0.306s to configure plugins.
LogInit: Using libcurl 7.55.1-DEV
LogInit:  - built for x86_64-pc-win32
LogInit:  - supports SSL with OpenSSL/1.0.2h
LogInit:  - supports HTTP deflate (compression) using libz 1.2.8
LogInit:  - other features:
LogInit:      CURL_VERSION_SSL
LogInit:      CURL_VERSION_LIBZ
LogInit:      CURL_VERSION_IPV6
LogInit:      CURL_VERSION_ASYNCHDNS
LogInit:      CURL_VERSION_LARGEFILE
LogInit:      CURL_VERSION_IDN
LogInit:  CurlRequestOptions (configurable via config and command line):
LogInit:  - bVerifyPeer = true  - Libcurl will verify peer certificate
LogInit:  - bUseHttpProxy = false  - Libcurl will NOT use HTTP proxy
LogInit:  - bDontReuseConnections = false  - Libcurl will reuse connections
LogInit:  - MaxHostConnections = 16  - Libcurl will limit the number of connections to a host
LogInit:  - LocalHostAddr = Default
LogInit:  - BufferSize = 65536
LogInit: WinSock: version 1.1 (2.2), MaxSocks=32767, MaxUdp=65467
LogInit: Build: ++UE4+Release-4.21-CL-4753647
LogInit: Engine Version: 4.21.2-4753647+++UE4+Release-4.21
LogInit: Compatible Engine Version: 4.21.0-4541578+++UE4+Release-4.21
LogInit: Net CL: 4541578
LogInit: OS: Windows 10 (), CPU: Intel(R) Core(TM) i5-4590 CPU @ 3.30GHz, GPU: AMD Radeon(TM) R5 340X
LogInit: Compiled (64-bit): Jan 19 2019 02:07:31
LogInit: Compiled with Visual C++: 19.13.26129.00
LogInit: Build Configuration: Development
LogInit: Branch Name: ++UE4+Release-4.21
LogInit: Command Line: 
LogInit: Base Directory: D:/Games/UE_4.21/Engine/Binaries/Win64/
LogInit: Installed Engine Build: 1
LogDevObjectVersion: Number of dev versions registered: 22
LogDevObjectVersion:   Dev-Blueprints (B0D832E4-1F89-4F0D-ACCF-7EB736FD4AA2): 10
LogDevObjectVersion:   Dev-Build (E1C64328-A22C-4D53-A36C-8E866417BD8C): 0
LogDevObjectVersion:   Dev-Core (375EC13C-06E4-48FB-B500-84F0262A717E): 2
LogDevObjectVersion:   Dev-Editor (E4B068ED-F494-42E9-A231-DA0B2E46BB41): 26
LogDevObjectVersion:   Dev-Framework (CFFC743F-43B0-4480-9391-14DF171D2073): 34
LogDevObjectVersion:   Dev-Mobile (B02B49B5-BB20-44E9-A304-32B752E40360): 2
LogDevObjectVersion:   Dev-Networking (A4E4105C-59A1-49B5-A7C5-40C4547EDFEE): 0
LogDevObjectVersion:   Dev-Online (39C831C9-5AE6-47DC-9A44-9C173E1C8E7C): 0
LogDevObjectVersion:   Dev-Physics (78F01B33-EBEA-4F98-B9B4-84EACCB95AA2): 0
LogDevObjectVersion:   Dev-Platform (6631380F-2D4D-43E0-8009-CF276956A95A): 0
LogDevObjectVersion:   Dev-Rendering (12F88B9F-8875-4AFC-A67C-D90C383ABD29): 27
LogDevObjectVersion:   Dev-Sequencer (7B5AE74C-D270-4C10-A958-57980B212A5A): 9
LogDevObjectVersion:   Dev-VR (D7296918-1DD6-4BDD-9DE2-64A83CC13884): 2
LogDevObjectVersion:   Dev-LoadTimes (C2A15278-BFE7-4AFE-6C17-90FF531DF755): 1
LogDevObjectVersion:   Private-Geometry (6EACA3D4-40EC-4CC1-B786-8BED09428FC5): 3
LogDevObjectVersion:   Dev-AnimPhys (29E575DD-E0A3-4627-9D10-D276232CDCEA): 17
LogDevObjectVersion:   Dev-Anim (AF43A65D-7FD3-4947-9873-3E8ED9C1BB05): 2
LogDevObjectVersion:   Dev-ReflectionCapture (6B266CEC-1EC7-4B8F-A30B-E4D90942FC07): 1
LogDevObjectVersion:   Dev-Automation (0DF73D61-A23F-47EA-B727-89E90C41499A): 1
LogDevObjectVersion:   FortniteMain (601D1886-AC64-4F84-AA16-D3DE0DEAC7D6): 17
LogDevObjectVersion:   Dev-Enterprise (9DFFBCD6-494F-0158-E221-12823C92A888): 4
LogDevObjectVersion:   Dev-Niagara (F2AED0AC-9AFE-416F-8664-AA7FFA26D6FC): 1
LogStreaming: Display: Took  0.007s to delete old logs.
LogInit: Presizing for max 8388607 objects, including 0 objects not considered by GC, pre-allocating 0 bytes for permanent pool.
LogInit: Object subsystem initialized
LogConfig: Setting CVar [[con.DebugEarlyDefault:1]]
LogConfig: Setting CVar [[r.setres:1280x720]]
[2019.01.29-00.22.07:701][  0]LogConfig: Setting CVar [[r.VSync:0]]
[2019.01.29-00.22.07:701][  0]LogConfig: Setting CVar [[r.RHICmdBypass:0]]
[2019.01.29-00.22.07:709][  0]LogConfig: Applying CVar settings from Section [/Script/Engine.RendererSettings] File [C:/Users/Olave/Documents/GitHub/Prueba/Saved/Config/Windows/Engine.ini]
[2019.01.29-00.22.07:709][  0]LogConfig: Setting CVar [[r.GPUCrashDebugging:0]]
[2019.01.29-00.22.07:709][  0]LogConfig: Applying CVar settings from Section [/Script/Engine.RendererOverrideSettings] File [C:/Users/Olave/Documents/GitHub/Prueba/Saved/Config/Windows/Engine.ini]
[2019.01.29-00.22.07:709][  0]LogConfig: Applying CVar settings from Section [/Script/Engine.StreamingSettings] File [C:/Users/Olave/Documents/GitHub/Prueba/Saved/Config/Windows/Engine.ini]
[2019.01.29-00.22.07:710][  0]LogConfig: Setting CVar [[s.MinBulkDataSizeForAsyncLoading:131072]]
[2019.01.29-00.22.07:710][  0]LogConfig: Setting CVar [[s.AsyncLoadingThreadEnabled:0]]
[2019.01.29-00.22.07:710][  0]LogConfig: Setting CVar [[s.EventDrivenLoaderEnabled:1]]
[2019.01.29-00.22.07:710][  0]LogConfig: Setting CVar [[s.WarnIfTimeLimitExceeded:0]]
[2019.01.29-00.22.07:710][  0]LogConfig: Setting CVar [[s.TimeLimitExceededMultiplier:1.5]]
[2019.01.29-00.22.07:710][  0]LogConfig: Setting CVar [[s.TimeLimitExceededMinTime:0.005]]
[2019.01.29-00.22.07:710][  0]LogConfig: Setting CVar [[s.UseBackgroundLevelStreaming:1]]
[2019.01.29-00.22.07:710][  0]LogConfig: Setting CVar [[s.PriorityAsyncLoadingExtraTime:15.0]]
[2019.01.29-00.22.07:710][  0]LogConfig: Setting CVar [[s.LevelStreamingActorsUpdateTimeLimit:5.0]]
[2019.01.29-00.22.07:710][  0]LogConfig: Setting CVar [[s.PriorityLevelStreamingActorsUpdateExtraTime:5.0]]
[2019.01.29-00.22.07:710][  0]LogConfig: Setting CVar [[s.LevelStreamingComponentsRegistrationGranularity:10]]
[2019.01.29-00.22.07:710][  0]LogConfig: Setting CVar [[s.UnregisterComponentsTimeLimit:1.0]]
[2019.01.29-00.22.07:710][  0]LogConfig: Setting CVar [[s.LevelStreamingComponentsUnregistrationGranularity:5]]
[2019.01.29-00.22.07:710][  0]LogConfig: Applying CVar settings from Section [/Script/Engine.GarbageCollectionSettings] File [C:/Users/Olave/Documents/GitHub/Prueba/Saved/Config/Windows/Engine.ini]
[2019.01.29-00.22.07:710][  0]LogConfig: Setting CVar [[gc.MaxObjectsNotConsideredByGC:1]]
[2019.01.29-00.22.07:710][  0]LogConfig: Setting CVar [[gc.SizeOfPermanentObjectPool:0]]
[2019.01.29-00.22.07:710][  0]LogConfig: Setting CVar [[gc.FlushStreamingOnGC:0]]
[2019.01.29-00.22.07:710][  0]LogConfig: Setting CVar [[gc.NumRetriesBeforeForcingGC:10]]
[2019.01.29-00.22.07:710][  0]LogConfig: Setting CVar [[gc.AllowParallelGC:1]]
[2019.01.29-00.22.07:710][  0]LogConfig: Setting CVar [[gc.TimeBetweenPurgingPendingKillObjects:61.1]]
[2019.01.29-00.22.07:710][  0]LogConfig: Setting CVar [[gc.MaxObjectsInEditor:8388607]]
[2019.01.29-00.22.07:710][  0]LogConfig: Setting CVar [[gc.IncrementalBeginDestroyEnabled:1]]
[2019.01.29-00.22.07:710][  0]LogConfig: Setting CVar [[gc.CreateGCClusters:1]]
[2019.01.29-00.22.07:710][  0]LogConfig: Setting CVar [[gc.MergeGCClusters:0]]
[2019.01.29-00.22.07:710][  0]LogConfig: Setting CVar [[gc.MinGCClusterSize:5]]
[2019.01.29-00.22.07:710][  0]LogConfig: Setting CVar [[gc.ActorClusteringEnabled:0]]
[2019.01.29-00.22.07:710][  0]LogConfig: Setting CVar [[gc.BlueprintClusteringEnabled:0]]
[2019.01.29-00.22.07:710][  0]LogConfig: Setting CVar [[gc.UseDisregardForGCOnDedicatedServers:0]]
[2019.01.29-00.22.07:710][  0]LogConfig: Applying CVar settings from Section [/Script/Engine.NetworkSettings] File [C:/Users/Olave/Documents/GitHub/Prueba/Saved/Config/Windows/Engine.ini]
[2019.01.29-00.22.07:710][  0]LogConfig: Applying CVar settings from Section [/Script/UnrealEd.CookerSettings] File [C:/Users/Olave/Documents/GitHub/Prueba/Saved/Config/Windows/Engine.ini]
[2019.01.29-00.22.07:817][  0]LogConfig: Applying CVar settings from Section [ViewDistanceQuality@3] File [C:/Users/Olave/Documents/GitHub/Prueba/Saved/Config/Windows/Scalability.ini]
[2019.01.29-00.22.07:817][  0]LogConfig: Setting CVar [[r.SkeletalMeshLODBias:0]]
[2019.01.29-00.22.07:817][  0]LogConfig: Setting CVar [[r.ViewDistanceScale:1.0]]
[2019.01.29-00.22.07:817][  0]LogConfig: Applying CVar settings from Section [AntiAliasingQuality@3] File [C:/Users/Olave/Documents/GitHub/Prueba/Saved/Config/Windows/Scalability.ini]
[2019.01.29-00.22.07:817][  0]LogConfig: Setting CVar [[r.PostProcessAAQuality:4]]
[2019.01.29-00.22.07:817][  0]LogConfig: Applying CVar settings from Section [ShadowQuality@3] File [C:/Users/Olave/Documents/GitHub/Prueba/Saved/Config/Windows/Scalability.ini]
[2019.01.29-00.22.07:817][  0]LogConfig: Setting CVar [[r.LightFunctionQuality:1]]
[2019.01.29-00.22.07:817][  0]LogConfig: Setting CVar [[r.ShadowQuality:5]]
[2019.01.29-00.22.07:817][  0]LogConfig: Setting CVar [[r.Shadow.CSM.MaxCascades:10]]
[2019.01.29-00.22.07:817][  0]LogConfig: Setting CVar [[r.Shadow.MaxResolution:2048]]
[2019.01.29-00.22.07:817][  0]LogConfig: Setting CVar [[r.Shadow.MaxCSMResolution:2048]]
[2019.01.29-00.22.07:817][  0]LogConfig: Setting CVar [[r.Shadow.RadiusThreshold:0.01]]
[2019.01.29-00.22.07:817][  0]LogConfig: Setting CVar [[r.Shadow.DistanceScale:1.0]]
[2019.01.29-00.22.07:817][  0]LogConfig: Setting CVar [[r.Shadow.CSM.TransitionScale:1.0]]
[2019.01.29-00.22.07:817][  0]LogConfig: Setting CVar [[r.Shadow.PreShadowResolutionFactor:1.0]]
[2019.01.29-00.22.07:817][  0]LogConfig: Setting CVar [[r.DistanceFieldShadowing:1]]
[2019.01.29-00.22.07:817][  0]LogConfig: Setting CVar [[r.DistanceFieldAO:1]]
[2019.01.29-00.22.07:817][  0]LogConfig: Setting CVar [[r.AOQuality:2]]
[2019.01.29-00.22.07:817][  0]LogConfig: Setting CVar [[r.VolumetricFog:1]]
[2019.01.29-00.22.07:817][  0]LogConfig: Setting CVar [[r.VolumetricFog.GridPixelSize:8]]
[2019.01.29-00.22.07:817][  0]LogConfig: Setting CVar [[r.VolumetricFog.GridSizeZ:128]]
[2019.01.29-00.22.07:817][  0]LogConfig: Setting CVar [[r.VolumetricFog.HistoryMissSupersampleCount:4]]
[2019.01.29-00.22.07:817][  0]LogConfig: Setting CVar [[r.LightMaxDrawDistanceScale:1]]
[2019.01.29-00.22.07:817][  0]LogConfig: Setting CVar [[r.CapsuleShadows:1]]
[2019.01.29-00.22.07:817][  0]LogConfig: Applying CVar settings from Section [PostProcessQuality@3] File [C:/Users/Olave/Documents/GitHub/Prueba/Saved/Config/Windows/Scalability.ini]
[2019.01.29-00.22.07:817][  0]LogConfig: Setting CVar [[r.MotionBlurQuality:4]]
[2019.01.29-00.22.07:817][  0]LogConfig: Setting CVar [[r.AmbientOcclusionMipLevelFactor:0.4]]
[2019.01.29-00.22.07:817][  0]LogConfig: Setting CVar [[r.AmbientOcclusionMaxQuality:100]]
[2019.01.29-00.22.07:817][  0]LogConfig: Setting CVar [[r.AmbientOcclusionLevels:-1]]
[2019.01.29-00.22.07:817][  0]LogConfig: Setting CVar [[r.AmbientOcclusionRadiusScale:1.0]]
[2019.01.29-00.22.07:817][  0]LogConfig: Setting CVar [[r.DepthOfFieldQuality:2]]
[2019.01.29-00.22.07:817][  0]LogConfig: Setting CVar [[r.RenderTargetPoolMin:400]]
[2019.01.29-00.22.07:817][  0]LogConfig: Setting CVar [[r.LensFlareQuality:2]]
[2019.01.29-00.22.07:817][  0]LogConfig: Setting CVar [[r.SceneColorFringeQuality:1]]
[2019.01.29-00.22.07:817][  0]LogConfig: Setting CVar [[r.EyeAdaptationQuality:2]]
[2019.01.29-00.22.07:817][  0]LogConfig: Setting CVar [[r.BloomQuality:5]]
[2019.01.29-00.22.07:817][  0]LogConfig: Setting CVar [[r.FastBlurThreshold:100]]
[2019.01.29-00.22.07:817][  0]LogConfig: Setting CVar [[r.Upscale.Quality:3]]
[2019.01.29-00.22.07:817][  0]LogConfig: Setting CVar [[r.Tonemapper.GrainQuantization:1]]
[2019.01.29-00.22.07:817][  0]LogConfig: Setting CVar [[r.LightShaftQuality:1]]
[2019.01.29-00.22.07:817][  0]LogConfig: Setting CVar [[r.Filter.SizeScale:1]]
[2019.01.29-00.22.07:817][  0]LogConfig: Setting CVar [[r.Tonemapper.Quality:5]]
[2019.01.29-00.22.07:818][  0]LogConfig: Setting CVar [[r.DOF.Gather.AccumulatorQuality:1        ; higher gathering accumulator quality]]
[2019.01.29-00.22.07:818][  0]LogConfig: Setting CVar [[r.DOF.Gather.PostfilterMethod:1          ; Median3x3 postfilering method]]
[2019.01.29-00.22.07:818][  0]LogConfig: Setting CVar [[r.DOF.Gather.EnableBokehSettings:0       ; no bokeh simulation when gathering]]
[2019.01.29-00.22.07:818][  0]LogConfig: Setting CVar [[r.DOF.Gather.RingCount:4                 ; medium number of samples when gathering]]
[2019.01.29-00.22.07:818][  0]LogConfig: Setting CVar [[r.DOF.Scatter.ForegroundCompositing:1    ; additive foreground scattering]]
[2019.01.29-00.22.07:818][  0]LogConfig: Setting CVar [[r.DOF.Scatter.BackgroundCompositing:2    ; additive background scattering]]
[2019.01.29-00.22.07:818][  0]LogConfig: Setting CVar [[r.DOF.Scatter.EnableBokehSettings:1      ; bokeh simulation when scattering]]
[2019.01.29-00.22.07:818][  0]LogConfig: Setting CVar [[r.DOF.Scatter.MaxSpriteRatio:0.1         ; only a maximum of 10% of scattered bokeh]]
[2019.01.29-00.22.07:818][  0]LogConfig: Setting CVar [[r.DOF.Recombine.Quality:1                ; cheap slight out of focus]]
[2019.01.29-00.22.07:818][  0]LogConfig: Setting CVar [[r.DOF.Recombine.EnableBokehSettings:0    ; no bokeh simulation on slight out of focus]]
[2019.01.29-00.22.07:818][  0]LogConfig: Setting CVar [[r.DOF.TemporalAAQuality:1                ; more stable temporal accumulation]]
[2019.01.29-00.22.07:818][  0]LogConfig: Setting CVar [[r.DOF.Kernel.MaxForegroundRadius:0.025]]
[2019.01.29-00.22.07:818][  0]LogConfig: Setting CVar [[r.DOF.Kernel.MaxBackgroundRadius:0.025]]
[2019.01.29-00.22.07:818][  0]LogConfig: Applying CVar settings from Section [TextureQuality@3] File [C:/Users/Olave/Documents/GitHub/Prueba/Saved/Config/Windows/Scalability.ini]
[2019.01.29-00.22.07:818][  0]LogConfig: Setting CVar [[r.Streaming.MipBias:0]]
[2019.01.29-00.22.07:818][  0]LogConfig: Setting CVar [[r.Streaming.AmortizeCPUToGPUCopy:0]]
[2019.01.29-00.22.07:818][  0]LogConfig: Setting CVar [[r.Streaming.MaxNumTexturesToStreamPerFrame:0]]
[2019.01.29-00.22.07:818][  0]LogConfig: Setting CVar [[r.Streaming.Boost:1]]
[2019.01.29-00.22.07:818][  0]LogConfig: Setting CVar [[r.MaxAnisotropy:8]]
[2019.01.29-00.22.07:818][  0]LogConfig: Setting CVar [[r.Streaming.LimitPoolSizeToVRAM:0]]
[2019.01.29-00.22.07:818][  0]LogConfig: Setting CVar [[r.Streaming.PoolSize:1000]]
[2019.01.29-00.22.07:818][  0]LogConfig: Setting CVar [[r.Streaming.MaxEffectiveScreenSize:0]]
[2019.01.29-00.22.07:818][  0]LogConfig: Applying CVar settings from Section [EffectsQuality@3] File [C:/Users/Olave/Documents/GitHub/Prueba/Saved/Config/Windows/Scalability.ini]
[2019.01.29-00.22.07:818][  0]LogConfig: Setting CVar [[r.TranslucencyLightingVolumeDim:64]]
[2019.01.29-00.22.07:818][  0]LogConfig: Setting CVar [[r.RefractionQuality:2]]
[2019.01.29-00.22.07:818][  0]LogConfig: Setting CVar [[r.SSR.Quality:3]]
[2019.01.29-00.22.07:818][  0]LogConfig: Setting CVar [[r.SceneColorFormat:4]]
[2019.01.29-00.22.07:818][  0]LogConfig: Setting CVar [[r.DetailMode:2]]
[2019.01.29-00.22.07:818][  0]LogConfig: Setting CVar [[r.TranslucencyVolumeBlur:1]]
[2019.01.29-00.22.07:818][  0]LogConfig: Setting CVar [[r.MaterialQualityLevel:1 ; High quality]]
[2019.01.29-00.22.07:818][  0]LogConfig: Setting CVar [[r.SSS.Scale:1]]
[2019.01.29-00.22.07:818][  0]LogConfig: Setting CVar [[r.SSS.SampleSet:2]]
[2019.01.29-00.22.07:818][  0]LogConfig: Setting CVar [[r.SSS.Quality:1]]
[2019.01.29-00.22.07:818][  0]LogConfig: Setting CVar [[r.SSS.HalfRes:1]]
[2019.01.29-00.22.07:818][  0]LogConfig: Setting CVar [[r.EmitterSpawnRateScale:1.0]]
[2019.01.29-00.22.07:818][  0]LogConfig: Setting CVar [[r.ParticleLightQuality:2]]
[2019.01.29-00.22.07:818][  0]LogConfig: Applying CVar settings from Section [FoliageQuality@3] File [C:/Users/Olave/Documents/GitHub/Prueba/Saved/Config/Windows/Scalability.ini]
[2019.01.29-00.22.07:818][  0]LogConfig: Setting CVar [[foliage.DensityScale:1.0]]
[2019.01.29-00.22.07:818][  0]LogConfig: Setting CVar [[grass.DensityScale:1.0]]
[2019.01.29-00.22.07:829][  0]LogInit: Selected Device Profile: [Windows]
[2019.01.29-00.22.07:829][  0]LogInit: Applying CVar settings loaded from the selected device profile: [Windows]
[2019.01.29-00.22.07:912][  0]LogHAL: Display: Platform has ~ 8 GB [8514609152 / 8589934592 / 8], which maps to Default [LargestMinGB=32, LargerMinGB=12, DefaultMinGB=8, SmallerMinGB=6, SmallestMinGB=0)
[2019.01.29-00.22.07:934][  0]LogConfig: Setting CVar [[r.Vulkan.UseRealUBs:1]]
[2019.01.29-00.22.07:934][  0]LogInit: Going up to parent DeviceProfile []
[2019.01.29-00.22.07:935][  0]LogConfig: Applying CVar settings from Section [ViewDistanceQuality@3] File [C:/Users/Olave/Documents/GitHub/Prueba/Saved/Config/Windows/Scalability.ini]
[2019.01.29-00.22.07:935][  0]LogConfig: Setting CVar [[r.SkeletalMeshLODBias:0]]
[2019.01.29-00.22.07:935][  0]LogConfig: Setting CVar [[r.ViewDistanceScale:1.0]]
[2019.01.29-00.22.07:935][  0]LogConfig: Applying CVar settings from Section [AntiAliasingQuality@3] File [C:/Users/Olave/Documents/GitHub/Prueba/Saved/Config/Windows/Scalability.ini]
[2019.01.29-00.22.07:935][  0]LogConfig: Setting CVar [[r.PostProcessAAQuality:4]]
[2019.01.29-00.22.07:935][  0]LogConfig: Applying CVar settings from Section [ShadowQuality@3] File [C:/Users/Olave/Documents/GitHub/Prueba/Saved/Config/Windows/Scalability.ini]
[2019.01.29-00.22.07:935][  0]LogConfig: Setting CVar [[r.LightFunctionQuality:1]]
[2019.01.29-00.22.07:935][  0]LogConfig: Setting CVar [[r.ShadowQuality:5]]
[2019.01.29-00.22.07:935][  0]LogConfig: Setting CVar [[r.Shadow.CSM.MaxCascades:10]]
[2019.01.29-00.22.07:935][  0]LogConfig: Setting CVar [[r.Shadow.MaxResolution:2048]]
[2019.01.29-00.22.07:935][  0]LogConfig: Setting CVar [[r.Shadow.MaxCSMResolution:2048]]
[2019.01.29-00.22.07:935][  0]LogConfig: Setting CVar [[r.Shadow.RadiusThreshold:0.01]]
[2019.01.29-00.22.07:935][  0]LogConfig: Setting CVar [[r.Shadow.DistanceScale:1.0]]
[2019.01.29-00.22.07:935][  0]LogConfig: Setting CVar [[r.Shadow.CSM.TransitionScale:1.0]]
[2019.01.29-00.22.07:935][  0]LogConfig: Setting CVar [[r.Shadow.PreShadowResolutionFactor:1.0]]
[2019.01.29-00.22.07:935][  0]LogConfig: Setting CVar [[r.DistanceFieldShadowing:1]]
[2019.01.29-00.22.07:935][  0]LogConfig: Setting CVar [[r.DistanceFieldAO:1]]
[2019.01.29-00.22.07:935][  0]LogConfig: Setting CVar [[r.AOQuality:2]]
[2019.01.29-00.22.07:935][  0]LogConfig: Setting CVar [[r.VolumetricFog:1]]
[2019.01.29-00.22.07:935][  0]LogConfig: Setting CVar [[r.VolumetricFog.GridPixelSize:8]]
[2019.01.29-00.22.07:935][  0]LogConfig: Setting CVar [[r.VolumetricFog.GridSizeZ:128]]
[2019.01.29-00.22.07:935][  0]LogConfig: Setting CVar [[r.VolumetricFog.HistoryMissSupersampleCount:4]]
[2019.01.29-00.22.07:935][  0]LogConfig: Setting CVar [[r.LightMaxDrawDistanceScale:1]]
[2019.01.29-00.22.07:935][  0]LogConfig: Setting CVar [[r.CapsuleShadows:1]]
[2019.01.29-00.22.07:935][  0]LogConfig: Applying CVar settings from Section [PostProcessQuality@3] File [C:/Users/Olave/Documents/GitHub/Prueba/Saved/Config/Windows/Scalability.ini]
[2019.01.29-00.22.07:935][  0]LogConfig: Setting CVar [[r.MotionBlurQuality:4]]
[2019.01.29-00.22.07:935][  0]LogConfig: Setting CVar [[r.AmbientOcclusionMipLevelFactor:0.4]]
[2019.01.29-00.22.07:935][  0]LogConfig: Setting CVar [[r.AmbientOcclusionMaxQuality:100]]
[2019.01.29-00.22.07:935][  0]LogConfig: Setting CVar [[r.AmbientOcclusionLevels:-1]]
[2019.01.29-00.22.07:935][  0]LogConfig: Setting CVar [[r.AmbientOcclusionRadiusScale:1.0]]
[2019.01.29-00.22.07:935][  0]LogConfig: Setting CVar [[r.DepthOfFieldQuality:2]]
[2019.01.29-00.22.07:935][  0]LogConfig: Setting CVar [[r.RenderTargetPoolMin:400]]
[2019.01.29-00.22.07:935][  0]LogConfig: Setting CVar [[r.LensFlareQuality:2]]
[2019.01.29-00.22.07:935][  0]LogConfig: Setting CVar [[r.SceneColorFringeQuality:1]]
[2019.01.29-00.22.07:935][  0]LogConfig: Setting CVar [[r.EyeAdaptationQuality:2]]
[2019.01.29-00.22.07:935][  0]LogConfig: Setting CVar [[r.BloomQuality:5]]
[2019.01.29-00.22.07:935][  0]LogConfig: Setting CVar [[r.FastBlurThreshold:100]]
[2019.01.29-00.22.07:935][  0]LogConfig: Setting CVar [[r.Upscale.Quality:3]]
[2019.01.29-00.22.07:935][  0]LogConfig: Setting CVar [[r.Tonemapper.GrainQuantization:1]]
[2019.01.29-00.22.07:935][  0]LogConfig: Setting CVar [[r.LightShaftQuality:1]]
[2019.01.29-00.22.07:935][  0]LogConfig: Setting CVar [[r.Filter.SizeScale:1]]
[2019.01.29-00.22.07:935][  0]LogConfig: Setting CVar [[r.Tonemapper.Quality:5]]
[2019.01.29-00.22.07:935][  0]LogConfig: Setting CVar [[r.DOF.Gather.AccumulatorQuality:1        ; higher gathering accumulator quality]]
[2019.01.29-00.22.07:935][  0]LogConfig: Setting CVar [[r.DOF.Gather.PostfilterMethod:1          ; Median3x3 postfilering method]]
[2019.01.29-00.22.07:935][  0]LogConfig: Setting CVar [[r.DOF.Gather.EnableBokehSettings:0       ; no bokeh simulation when gathering]]
[2019.01.29-00.22.07:935][  0]LogConfig: Setting CVar [[r.DOF.Gather.RingCount:4                 ; medium number of samples when gathering]]
[2019.01.29-00.22.07:935][  0]LogConfig: Setting CVar [[r.DOF.Scatter.ForegroundCompositing:1    ; additive foreground scattering]]
[2019.01.29-00.22.07:935][  0]LogConfig: Setting CVar [[r.DOF.Scatter.BackgroundCompositing:2    ; additive background scattering]]
[2019.01.29-00.22.07:935][  0]LogConfig: Setting CVar [[r.DOF.Scatter.EnableBokehSettings:1      ; bokeh simulation when scattering]]
[2019.01.29-00.22.07:935][  0]LogConfig: Setting CVar [[r.DOF.Scatter.MaxSpriteRatio:0.1         ; only a maximum of 10% of scattered bokeh]]
[2019.01.29-00.22.07:935][  0]LogConfig: Setting CVar [[r.DOF.Recombine.Quality:1                ; cheap slight out of focus]]
[2019.01.29-00.22.07:935][  0]LogConfig: Setting CVar [[r.DOF.Recombine.EnableBokehSettings:0    ; no bokeh simulation on slight out of focus]]
[2019.01.29-00.22.07:935][  0]LogConfig: Setting CVar [[r.DOF.TemporalAAQuality:1                ; more stable temporal accumulation]]
[2019.01.29-00.22.07:935][  0]LogConfig: Setting CVar [[r.DOF.Kernel.MaxForegroundRadius:0.025]]
[2019.01.29-00.22.07:935][  0]LogConfig: Setting CVar [[r.DOF.Kernel.MaxBackgroundRadius:0.025]]
[2019.01.29-00.22.07:935][  0]LogConfig: Applying CVar settings from Section [TextureQuality@3] File [C:/Users/Olave/Documents/GitHub/Prueba/Saved/Config/Windows/Scalability.ini]
[2019.01.29-00.22.07:936][  0]LogConfig: Setting CVar [[r.Streaming.MipBias:0]]
[2019.01.29-00.22.07:936][  0]LogConfig: Setting CVar [[r.Streaming.AmortizeCPUToGPUCopy:0]]
[2019.01.29-00.22.07:936][  0]LogConfig: Setting CVar [[r.Streaming.MaxNumTexturesToStreamPerFrame:0]]
[2019.01.29-00.22.07:936][  0]LogConfig: Setting CVar [[r.Streaming.Boost:1]]
[2019.01.29-00.22.07:936][  0]LogConfig: Setting CVar [[r.MaxAnisotropy:8]]
[2019.01.29-00.22.07:936][  0]LogConfig: Setting CVar [[r.Streaming.LimitPoolSizeToVRAM:0]]
[2019.01.29-00.22.07:936][  0]LogConfig: Setting CVar [[r.Streaming.PoolSize:1000]]
[2019.01.29-00.22.07:936][  0]LogConfig: Setting CVar [[r.Streaming.MaxEffectiveScreenSize:0]]
[2019.01.29-00.22.07:936][  0]LogConfig: Applying CVar settings from Section [EffectsQuality@3] File [C:/Users/Olave/Documents/GitHub/Prueba/Saved/Config/Windows/Scalability.ini]
[2019.01.29-00.22.07:936][  0]LogConfig: Setting CVar [[r.TranslucencyLightingVolumeDim:64]]
[2019.01.29-00.22.07:936][  0]LogConfig: Setting CVar [[r.RefractionQuality:2]]
[2019.01.29-00.22.07:936][  0]LogConfig: Setting CVar [[r.SSR.Quality:3]]
[2019.01.29-00.22.07:936][  0]LogConfig: Setting CVar [[r.SceneColorFormat:4]]
[2019.01.29-00.22.07:936][  0]LogConfig: Setting CVar [[r.DetailMode:2]]
[2019.01.29-00.22.07:936][  0]LogConfig: Setting CVar [[r.TranslucencyVolumeBlur:1]]
[2019.01.29-00.22.07:936][  0]LogConfig: Setting CVar [[r.MaterialQualityLevel:1 ; High quality]]
[2019.01.29-00.22.07:936][  0]LogConfig: Setting CVar [[r.SSS.Scale:1]]
[2019.01.29-00.22.07:936][  0]LogConfig: Setting CVar [[r.SSS.SampleSet:2]]
[2019.01.29-00.22.07:936][  0]LogConfig: Setting CVar [[r.SSS.Quality:1]]
[2019.01.29-00.22.07:936][  0]LogConfig: Setting CVar [[r.SSS.HalfRes:1]]
[2019.01.29-00.22.07:936][  0]LogConfig: Setting CVar [[r.EmitterSpawnRateScale:1.0]]
[2019.01.29-00.22.07:936][  0]LogConfig: Setting CVar [[r.ParticleLightQuality:2]]
[2019.01.29-00.22.07:936][  0]LogConfig: Applying CVar settings from Section [FoliageQuality@3] File [C:/Users/Olave/Documents/GitHub/Prueba/Saved/Config/Windows/Scalability.ini]
[2019.01.29-00.22.07:936][  0]LogConfig: Setting CVar [[foliage.DensityScale:1.0]]
[2019.01.29-00.22.07:936][  0]LogConfig: Setting CVar [[grass.DensityScale:1.0]]
[2019.01.29-00.22.07:936][  0]LogConfig: Applying CVar settings from Section [Startup] File [../../../Engine/Config/ConsoleVariables.ini]
[2019.01.29-00.22.07:956][  0]LogConfig: Setting CVar [[net.UseAdaptiveNetUpdateFrequency:0]]
[2019.01.29-00.22.07:956][  0]LogConfig: Applying CVar settings from Section [ConsoleVariables] File [C:/Users/Olave/Documents/GitHub/Prueba/Saved/Config/Windows/Engine.ini]
[2019.01.29-00.22.08:003][  0]LogInit: Computer: DESKTOP-IITAT1K
[2019.01.29-00.22.08:003][  0]LogInit: User: Olave
[2019.01.29-00.22.08:003][  0]LogInit: CPU Page size=4096, Cores=4
[2019.01.29-00.22.08:003][  0]LogInit: High frequency timer resolution =3.215225 MHz
[2019.01.29-00.22.08:023][  0]LogMemory: Memory total: Physical=7.9GB (8GB approx)
[2019.01.29-00.22.08:023][  0]LogMemory: Platform Memory Stats for Windows
[2019.01.29-00.22.08:023][  0]LogMemory: Process Physical Memory: 101.52 MB used, 101.52 MB peak
[2019.01.29-00.22.08:023][  0]LogMemory: Process Virtual Memory: 90.59 MB used, 90.59 MB peak
[2019.01.29-00.22.08:023][  0]LogMemory: Physical Memory: 6630.30 MB used,  1489.86 MB free, 8120.16 MB total
[2019.01.29-00.22.08:023][  0]LogMemory: Virtual Memory: 4639.82 MB used,  134213088.00 MB free, 134217728.00 MB total
[2019.01.29-00.22.09:091][  0]LogInit: Using OS detected language (es-MX).
[2019.01.29-00.22.09:091][  0]LogInit: Using OS detected locale (es-MX).
[2019.01.29-00.22.09:185][  0]LogTextLocalizationManager: No specific localization for 'es-MX' exists, so the 'es' localization will be used.
[2019.01.29-00.22.10:241][  0]LogStreaming: Display: Took  1.161s to InitEngineTextLocalization.
[2019.01.29-00.22.10:257][  0]LogInit: Setting process to per monitor DPI aware
[2019.01.29-00.22.11:275][  0]LogSlate: New Slate User Created.  User Index 0, Is Virtual User: 0
[2019.01.29-00.22.11:275][  0]LogSlate: Slate User Registered.  User Index 0, Is Virtual User: 0
[2019.01.29-00.22.14:340][  0]LogHMD: Failed to initialize OpenVR with code 110
[2019.01.29-00.22.14:340][  0]LogD3D11RHI: D3D11 adapters:
[2019.01.29-00.22.14:435][  0]LogD3D11RHI:    0. 'AMD Radeon(TM) R5 340X' (Feature Level 11_0)
[2019.01.29-00.22.14:435][  0]LogD3D11RHI:       2028/0/4060 MB DedicatedVideo/DedicatedSystem/SharedSystem, Outputs:1, VendorId:0x1002
[2019.01.29-00.22.14:442][  0]LogD3D11RHI:    1. 'Intel(R) HD Graphics 4600' (Feature Level 11_0)
[2019.01.29-00.22.14:442][  0]LogD3D11RHI:       112/0/2048 MB DedicatedVideo/DedicatedSystem/SharedSystem, Outputs:1, VendorId:0x8086
[2019.01.29-00.22.14:446][  0]LogD3D11RHI:    2. 'Microsoft Basic Render Driver' (Feature Level 11_0)
[2019.01.29-00.22.14:446][  0]LogD3D11RHI:       0/0/4060 MB DedicatedVideo/DedicatedSystem/SharedSystem, Outputs:0, VendorId:0x1414
[2019.01.29-00.22.14:446][  0]LogD3D11RHI: Chosen D3D11 Adapter: 0
[2019.01.29-00.22.14:466][  0]LogD3D11RHI: Creating new Direct3DDevice
[2019.01.29-00.22.14:466][  0]LogD3D11RHI:     GPU DeviceId: 0x6610 (for the marketing name, search the web for "GPU Device Id")
[2019.01.29-00.22.14:466][  0]LogWindows: EnumDisplayDevices:
[2019.01.29-00.22.14:466][  0]LogWindows:    0. 'AMD Radeon(TM) R5 340X' (P:1 D:1)
[2019.01.29-00.22.14:472][  0]LogWindows:    1. 'AMD Radeon(TM) R5 340X' (P:0 D:0)
[2019.01.29-00.22.14:473][  0]LogWindows:    2. 'AMD Radeon(TM) R5 340X' (P:0 D:0)
[2019.01.29-00.22.14:473][  0]LogWindows:    3. 'AMD Radeon(TM) R5 340X' (P:0 D:0)
[2019.01.29-00.22.14:474][  0]LogWindows:    4. 'AMD Radeon(TM) R5 340X' (P:0 D:0)
[2019.01.29-00.22.14:474][  0]LogWindows:    5. 'AMD Radeon(TM) R5 340X' (P:0 D:0)
[2019.01.29-00.22.14:475][  0]LogWindows:    6. 'AMD Radeon(TM) R5 340X' (P:0 D:0)
[2019.01.29-00.22.14:475][  0]LogWindows:    7. 'AMD Radeon(TM) R5 340X' (P:0 D:0)
[2019.01.29-00.22.14:476][  0]LogWindows:    8. 'AMD Radeon(TM) R5 340X' (P:0 D:0)
[2019.01.29-00.22.14:477][  0]LogWindows:    9. 'AMD Radeon(TM) R5 340X' (P:0 D:0)
[2019.01.29-00.22.14:477][  0]LogWindows:    10. 'AMD Radeon(TM) R5 340X' (P:0 D:0)
[2019.01.29-00.22.14:477][  0]LogWindows:    11. 'AMD Radeon(TM) R5 340X' (P:0 D:0)
[2019.01.29-00.22.14:478][  0]LogWindows:    12. 'AMD Radeon(TM) R5 340X' (P:0 D:0)
[2019.01.29-00.22.14:478][  0]LogWindows:    13. 'AMD Radeon(TM) R5 340X' (P:0 D:0)
[2019.01.29-00.22.14:479][  0]LogWindows:    14. 'AMD Radeon(TM) R5 340X' (P:0 D:0)
[2019.01.29-00.22.14:479][  0]LogWindows:    15. 'AMD Radeon(TM) R5 340X' (P:0 D:0)
[2019.01.29-00.22.14:480][  0]LogWindows:    16. 'Intel(R) HD Graphics 4600' (P:0 D:1)
[2019.01.29-00.22.14:481][  0]LogWindows:    17. 'Intel(R) HD Graphics 4600' (P:0 D:0)
[2019.01.29-00.22.14:481][  0]LogWindows: DebugString: PrimaryIsNotTheChoosenAdapter PrimaryIsNotTheChoosenAdapter FoundDriverCount:16 
[2019.01.29-00.22.14:481][  0]LogD3D11RHI:     Adapter Name: AMD Radeon(TM) R5 340X
[2019.01.29-00.22.14:481][  0]LogD3D11RHI:   Driver Version: Adrenalin 18.10.1 (internal:25.20.14003.1010, unified:25.20.14003.1010)
[2019.01.29-00.22.14:481][  0]LogD3D11RHI:      Driver Date: 10-10-2018
[2019.01.29-00.22.14:481][  0]LogRHI: Texture pool is 1419 MB (70% of 2028 MB)
[2019.01.29-00.22.14:627][  0]LogD3D11RHI: Async texture creation enabled
[2019.01.29-00.22.14:876][  0]LogD3D11RHI: GPU Timing Frequency: 27.000000 (Debug: 2 1)
[2019.01.29-00.22.16:052][  0]LogTemp: Display: Loaded TP AllDesktopTargetPlatform
[2019.01.29-00.22.16:129][  0]LogTemp: Display: Loaded TP MacClientTargetPlatform
[2019.01.29-00.22.16:158][  0]LogTemp: Display: Loaded TP MacNoEditorTargetPlatform
[2019.01.29-00.22.16:189][  0]LogTemp: Display: Loaded TP MacServerTargetPlatform
[2019.01.29-00.22.16:270][  0]LogTemp: Display: Loaded TP MacTargetPlatform
[2019.01.29-00.22.16:335][  0]LogTemp: Display: Loaded TP WindowsClientTargetPlatform
[2019.01.29-00.22.16:378][  0]LogTemp: Display: Loaded TP WindowsNoEditorTargetPlatform
[2019.01.29-00.22.16:407][  0]LogTemp: Display: Loaded TP WindowsServerTargetPlatform
[2019.01.29-00.22.16:425][  0]LogTemp: Display: Loaded TP WindowsTargetPlatform
[2019.01.29-00.22.16:563][  0]LogTemp: Display: Loaded TP AndroidTargetPlatform
[2019.01.29-00.22.16:563][  0]LogTemp: Display: Loaded TP AndroidTargetPlatform
[2019.01.29-00.22.16:563][  0]LogTemp: Display: Loaded TP AndroidTargetPlatform
[2019.01.29-00.22.16:563][  0]LogTemp: Display: Loaded TP AndroidTargetPlatform
[2019.01.29-00.22.16:563][  0]LogTemp: Display: Loaded TP AndroidTargetPlatform
[2019.01.29-00.22.16:563][  0]LogTemp: Display: Loaded TP AndroidTargetPlatform
[2019.01.29-00.22.16:563][  0]LogTemp: Display: Loaded TP AndroidTargetPlatform
[2019.01.29-00.22.16:563][  0]LogTemp: Display: Loaded TP AndroidTargetPlatform
[2019.01.29-00.22.16:563][  0]LogTemp: Display: Loaded TP AndroidTargetPlatform
[2019.01.29-00.22.16:563][  0]LogTemp: Display: Loaded TP AndroidTargetPlatform
[2019.01.29-00.22.16:563][  0]LogTemp: Display: Loaded TP AndroidTargetPlatform
[2019.01.29-00.22.16:563][  0]LogTemp: Display: Loaded TP AndroidTargetPlatform
[2019.01.29-00.22.16:563][  0]LogTemp: Display: Loaded TP AndroidTargetPlatform
[2019.01.29-00.22.16:563][  0]LogTemp: Display: Loaded TP AndroidTargetPlatform
[2019.01.29-00.22.16:563][  0]LogTemp: Display: Loaded TP AndroidTargetPlatform
[2019.01.29-00.22.16:563][  0]LogTemp: Display: Loaded TP AndroidTargetPlatform
[2019.01.29-00.22.16:563][  0]LogTemp: Display: Loaded TP AndroidTargetPlatform
[2019.01.29-00.22.16:563][  0]LogTemp: Display: Loaded TP AndroidTargetPlatform
[2019.01.29-00.22.16:616][  0]LogTemp: Display: Loaded TP HTML5TargetPlatform
[2019.01.29-00.22.16:842][  0]LogTemp: Display: Loaded TP IOSTargetPlatform
[2019.01.29-00.22.16:842][  0]LogTemp: Display: Loaded TP IOSTargetPlatform
[2019.01.29-00.22.16:899][  0]LogTemp: Display: Loaded TP TVOSTargetPlatform
[2019.01.29-00.22.16:899][  0]LogTemp: Display: Loaded TP TVOSTargetPlatform
[2019.01.29-00.22.16:946][  0]LogTemp: Display: Loaded TP LinuxClientTargetPlatform
[2019.01.29-00.22.16:986][  0]LogTemp: Display: Loaded TP LinuxNoEditorTargetPlatform
[2019.01.29-00.22.17:010][  0]LogTemp: Display: Loaded TP LinuxServerTargetPlatform
[2019.01.29-00.22.17:043][  0]LogTemp: Display: Loaded TP LinuxTargetPlatform
[2019.01.29-00.22.17:113][  0]LogTemp: Display: Loaded TP LuminTargetPlatform
[2019.01.29-00.22.17:113][  0]LogTemp: Display: Loaded TP LuminTargetPlatform
[2019.01.29-00.22.17:113][  0]LogTargetPlatformManager: Display: Building Assets For Windows
[2019.01.29-00.22.18:254][  0]LogShaderCompilers: Guid format shader working directory is 8 characters bigger than the processId version (C:/Users/Olave/Documents/GitHub/Prueba/Intermediate/Shaders/WorkingDirectory/5412/).
[2019.01.29-00.22.18:254][  0]LogShaderCompilers: Cleaned the shader compiler working directory 'C:/Users/Olave/AppData/Local/Temp/UnrealShaderWorkingDir/ABB3781B41F39F22FFB1569C2D9F73DC/'.
[2019.01.29-00.22.18:272][  0]LogXGEController: Cleaning working directory: C:/Users/Olave/AppData/Local/Temp/UnrealXGEWorkingDir/
[2019.01.29-00.22.18:273][  0]LogXGEController: Cannot use XGE Controller as Incredibuild is not installed on this machine.
[2019.01.29-00.22.18:273][  0]LogShaderCompilers: Cannot use XGE Shader Compiler as Incredibuild is not installed on this machine.
[2019.01.29-00.22.18:273][  0]LogShaderCompilers: Display: Using Local Shader Compiler.
[2019.01.29-00.22.21:604][  0]LogDerivedDataCache: Display: Max Cache Size: 512 MB
[2019.01.29-00.22.21:604][  0]LogDerivedDataCache: Display: Starting with empty Boot cache
[2019.01.29-00.22.21:605][  0]LogDerivedDataCache: FDerivedDataBackendGraph:  Pak pak cache file C:/Users/Olave/Documents/GitHub/Prueba/DerivedDataCache/DDC.ddp not found, will not use a pak cache.
[2019.01.29-00.22.21:605][  0]LogDerivedDataCache: Unable to find inner node Pak for hierarchical cache Hierarchy.
[2019.01.29-00.22.21:605][  0]LogDerivedDataCache: FDerivedDataBackendGraph:  CompressedPak pak cache file C:/Users/Olave/Documents/GitHub/Prueba/DerivedDataCache/Compressed.ddp not found, will not use a pak cache.
[2019.01.29-00.22.21:605][  0]LogDerivedDataCache: Unable to find inner node CompressedPak for hierarchical cache Hierarchy.
[2019.01.29-00.22.21:711][  0]LogDerivedDataCache: Display: Pak cache opened for reading ../../../Engine/DerivedDataCache/Compressed.ddp.
[2019.01.29-00.22.21:711][  0]LogDerivedDataCache: FDerivedDataBackendGraph:  EnterprisePak pak cache file ../../../Enterprise/DerivedDataCache/Compressed.ddp not found, will not use a pak cache.
[2019.01.29-00.22.21:712][  0]LogDerivedDataCache: Unable to find inner node EnterprisePak for hierarchical cache Hierarchy.
[2019.01.29-00.22.21:725][  0]LogDerivedDataCache: Using Local data cache path C:/Users/Olave/AppData/Local/UnrealEngine/Common/DerivedDataCache: Writable
[2019.01.29-00.22.21:725][  0]LogDerivedDataCache: Shared data cache path not found in *engine.ini, will not use an Shared cache.
[2019.01.29-00.22.21:725][  0]LogDerivedDataCache: Unable to find inner node Shared for hierarchical cache Hierarchy.
[2019.01.29-00.22.22:216][  0]LogMaterial: Verifying Global Shaders for PCD3D_SM5
[2019.01.29-00.22.22:318][  0]LogSlate: Using FreeType 2.6.0
[2019.01.29-00.22.22:452][  0]LogSlate: SlateFontServices - WITH_FREETYPE: 1, WITH_HARFBUZZ: 1
[2019.01.29-00.22.23:290][  0]LogAssetRegistry: FAssetRegistry took 0.0421 seconds to start up
[2019.01.29-00.22.32:582][  0]LogInit: Selected Device Profile: [Windows]
[2019.01.29-00.22.35:139][  0]LogSimplygon: Simplygon DLL not present - disabling.
[2019.01.29-00.22.35:363][  0]LogMeshReduction: Using SimplygonSwarm for distributed automatic mesh merging
[2019.01.29-00.22.35:364][  0]LogMeshReduction: Using ProxyLODMeshReduction for automatic mesh merging
[2019.01.29-00.22.35:381][  0]LogMeshReduction: Using QuadricMeshReduction for automatic static mesh reduction
[2019.01.29-00.22.35:381][  0]LogMeshReduction: No automatic skeletal mesh reduction module available
[2019.01.29-00.22.38:013][  0]LogNetVersion: MyProject 1.0.0, NetCL: 4541578, EngineNetVer: 5, GameNetVer: 0 (Checksum: 1637960414)
[2019.01.29-00.22.50:182][  0]LogPackageLocalizationCache: Processed 11 localized package path(s) for 2 prioritized culture(s) in 0.236249 seconds
[2019.01.29-00.22.50:276][  0]LogUObjectArray: 39796 objects as part of root set at end of initial load.
[2019.01.29-00.22.50:276][  0]LogUObjectAllocator: 6916336 out of 0 bytes used by permanent object pool.
[2019.01.29-00.22.50:276][  0]LogUObjectArray: CloseDisregardForGC: 0/0 objects in disregard for GC pool
[2019.01.29-00.23.10:637][  0]LogTcpMessaging: Initializing TcpMessaging bridge
[2019.01.29-00.23.10:723][  0]LogUdpMessaging: Initializing bridge on interface 0.0.0.0:0 to multicast group 230.0.0.1:6666.
[2019.01.29-00.23.13:953][  0]SourceControl: El control de código fuente está desactivado
[2019.01.29-00.23.13:974][  0]SourceControl: El control de código fuente está desactivado
[2019.01.29-00.23.14:082][  0]SourceControl: El control de código fuente está desactivado
[2019.01.29-00.23.14:121][  0]SourceControl: El control de código fuente está desactivado
[2019.01.29-00.23.15:767][  0]LogAndroidPermission: UAndroidPermissionCallbackProxy::GetInstance
[2019.01.29-00.23.16:153][  0]LogOcInput: OculusInput pre-init called
[2019.01.29-00.23.18:613][  0]LogEngine: Initializing Engine...
[2019.01.29-00.23.18:670][  0]LogHMD: Failed to initialize OpenVR with code 110
[2019.01.29-00.23.18:706][  0]LogStats: UGameplayTagsManager::ConstructGameplayTagTree: ImportINI prefixes -  0.001 s
[2019.01.29-00.23.18:706][  0]LogStats: UGameplayTagsManager::ConstructGameplayTagTree: Construct from data asset -  0.000 s
[2019.01.29-00.23.18:707][  0]LogStats: UGameplayTagsManager::ConstructGameplayTagTree: ImportINI -  0.001 s
[2019.01.29-00.23.18:707][  0]LogStats: UGameplayTagsManager::ConstructGameplayTagTree: GameplayTagTreeChangedEvent.Broadcast -  0.000 s
[2019.01.29-00.23.20:162][  0]LogInit: Initializing FReadOnlyCVARCache
[2019.01.29-00.23.21:090][  0]LogAIModule: Creating AISystem for world Untitled
[2019.01.29-00.23.21:476][  0]LogInit: XAudio2 using 'Altavoces (3- USB Audio Device)' : 2 channels at 48 kHz using 16 bits per sample (channel mask 0x3)
[2019.01.29-00.23.21:539][  0]LogInit: FAudioDevice initialized.
[2019.01.29-00.23.21:546][  0]LogNetVersion: Set ProjectVersion to 1.0.0.0. Version Checksum will be recalculated on next use.
[2019.01.29-00.23.21:782][  0]LogDerivedDataCache: Saved boot cache 0.24s 86MB C:/Users/Olave/AppData/Local/UnrealEngine/4.21/DerivedDataCache/Boot.ddc.
[2019.01.29-00.23.21:834][  0]LogInit: Texture streaming: Enabled
[2019.01.29-00.23.22:101][  0]LogEngineSessionManager: EngineSessionManager initialized
[2019.01.29-00.23.22:422][  0]LogInit: Transaction tracking system initialized
[2019.01.29-00.23.22:883][  0]BlueprintLog: New page: Cargar el editor
[2019.01.29-00.23.24:924][  0]LocalizationService: Localization service is disabled
[2019.01.29-00.23.29:285][  0]LogFileCache: Scanning file cache for directory 'C:/Users/Olave/Documents/GitHub/Prueba/Content/' took 0.03s
[2019.01.29-00.23.29:285][  0]LogCook: Display: Max memory allowance for cook 16384mb min free memory 0mb
[2019.01.29-00.23.29:286][  0]LogCook: Display: Mobile HDR setting 1
[2019.01.29-00.23.29:287][  0]LogGameplayTags: Display: UGameplayTagsManager::DoneAddingNativeTags. DelegateIsBound: 0
[2019.01.29-00.23.29:287][  0]LogStats: UGameplayTagsManager::ConstructGameplayTagTree: ImportINI prefixes -  0.000 s
[2019.01.29-00.23.29:287][  0]LogStats: UGameplayTagsManager::ConstructGameplayTagTree: Construct from data asset -  0.000 s
[2019.01.29-00.23.29:287][  0]LogStats: UGameplayTagsManager::ConstructGameplayTagTree: ImportINI -  0.000 s
[2019.01.29-00.23.29:287][  0]LogStats: UGameplayTagsManager::ConstructGameplayTagTree: GameplayTagTreeChangedEvent.Broadcast -  0.000 s
[2019.01.29-00.23.32:132][  0]SourceControl: El control de código fuente está desactivado
[2019.01.29-00.23.32:174][  0]Cmd: MAP LOAD FILE="C:/Users/Olave/Documents/GitHub/Prueba/Content/Alliance/Alliance_Map.umap" TEMPLATE=0 SHOWPROGRESS=1 FEATURELEVEL=3
[2019.01.29-00.23.32:224][  0]LightingResults: New page: Diseñar la iluminación
[2019.01.29-00.23.32:481][  0]MapCheck: New page: Revisión del mapa
[2019.01.29-00.23.32:481][  0]LightingResults: New page: Diseñar la iluminación
[2019.01.29-00.23.36:026][  0]LogAIModule: Creating AISystem for world Alliance_Map
[2019.01.29-00.23.36:806][  0]LogEditorServer: Finished looking for orphan Actors (0.000 secs)
[2019.01.29-00.23.37:033][  0]Cmd: MAP CHECKDEP NOCLEARLOG
[2019.01.29-00.23.37:047][  0]MapCheck: Map check complete: 0 Error(s), 0 Warning(s), took 0.207ms to complete.
[2019.01.29-00.23.37:051][  0]LogFileHelpers: Loading map 'Alliance_Map' took 4.903
[2019.01.29-00.23.39:354][  0]LogSlate: Updating window title bar state: overlay mode, drag disabled, window buttons hidden, title bar hidden
[2019.01.29-00.23.39:438][  0]LogSlate: Updating window title bar state: overlay mode, drag disabled, window buttons hidden, title bar hidden
[2019.01.29-00.23.39:454][  0]LogSlate: Updating window title bar state: overlay mode, drag disabled, window buttons hidden, title bar hidden
[2019.01.29-00.23.39:463][  0]LogSlate: Updating window title bar state: overlay mode, drag disabled, window buttons hidden, title bar hidden
[2019.01.29-00.23.40:561][  0]LogCollectionManager: Loaded 0 collections in 0.001350 seconds
[2019.01.29-00.23.41:018][  0]LogFileCache: Scanning file cache for directory 'C:/Users/Olave/Documents/GitHub/Prueba/Saved/Collections/' took 0.01s
[2019.01.29-00.23.41:018][  0]LogFileCache: Scanning file cache for directory 'C:/Users/Olave/Documents/GitHub/Prueba/Content/Developers/Olave/Collections/' took 0.01s
[2019.01.29-00.23.41:018][  0]LogFileCache: Scanning file cache for directory 'C:/Users/Olave/Documents/GitHub/Prueba/Content/Collections/' took 0.01s
[2019.01.29-00.23.41:018][  0]LogCollectionManager: Rebuilt the GUID cache for 0 collections in 0.000001 seconds
[2019.01.29-00.23.41:061][  0]LogContentBrowser: Native class hierarchy populated in 0.0190 seconds. Added 2652 classes and 622 folders.
[2019.01.29-00.23.41:298][  0]LogContentBrowser: Native class hierarchy updated for 'WidgetCarousel' in 0.0003 seconds. Added 0 classes and 0 folders.
[2019.01.29-00.23.41:379][  0]LogPakFile: Registered encryption key '00000000000000000000000000000000': 0 pak files mounted, 0 remain pending
[2019.01.29-00.23.41:457][  0]LogPakFile: Registered encryption key '00000000000000000000000000000000': 0 pak files mounted, 0 remain pending
[2019.01.29-00.23.41:493][  0]LogPakFile: Registered encryption key '00000000000000000000000000000000': 0 pak files mounted, 0 remain pending
[2019.01.29-00.23.41:500][  0]LogPakFile: Registered encryption key '00000000000000000000000000000000': 0 pak files mounted, 0 remain pending
[2019.01.29-00.23.41:508][  0]LogPakFile: Registered encryption key '00000000000000000000000000000000': 0 pak files mounted, 0 remain pending
[2019.01.29-00.23.41:516][  0]LogPakFile: Registered encryption key '00000000000000000000000000000000': 0 pak files mounted, 0 remain pending
[2019.01.29-00.23.41:522][  0]LogPakFile: Registered encryption key '00000000000000000000000000000000': 0 pak files mounted, 0 remain pending
[2019.01.29-00.23.41:528][  0]LogPakFile: Registered encryption key '00000000000000000000000000000000': 0 pak files mounted, 0 remain pending
[2019.01.29-00.23.41:536][  0]LogPakFile: Registered encryption key '00000000000000000000000000000000': 0 pak files mounted, 0 remain pending
[2019.01.29-00.23.41:545][  0]LogPakFile: Registered encryption key '00000000000000000000000000000000': 0 pak files mounted, 0 remain pending
[2019.01.29-00.23.41:552][  0]LogPakFile: Registered encryption key '00000000000000000000000000000000': 0 pak files mounted, 0 remain pending
[2019.01.29-00.23.41:572][  0]LogPakFile: Registered encryption key '00000000000000000000000000000000': 0 pak files mounted, 0 remain pending
[2019.01.29-00.23.41:583][  0]LogPakFile: Registered encryption key '00000000000000000000000000000000': 0 pak files mounted, 0 remain pending
[2019.01.29-00.23.41:590][  0]LogPakFile: Registered encryption key '00000000000000000000000000000000': 0 pak files mounted, 0 remain pending
[2019.01.29-00.23.41:596][  0]LogPakFile: Registered encryption key '00000000000000000000000000000000': 0 pak files mounted, 0 remain pending
[2019.01.29-00.23.41:601][  0]LogPakFile: Registered encryption key '00000000000000000000000000000000': 0 pak files mounted, 0 remain pending
[2019.01.29-00.23.41:637][  0]LogPakFile: Registered encryption key '00000000000000000000000000000000': 0 pak files mounted, 0 remain pending
[2019.01.29-00.23.41:643][  0]LogPakFile: Registered encryption key '00000000000000000000000000000000': 0 pak files mounted, 0 remain pending
[2019.01.29-00.23.41:651][  0]LogPakFile: Registered encryption key '00000000000000000000000000000000': 0 pak files mounted, 0 remain pending
[2019.01.29-00.23.41:657][  0]LogPakFile: Registered encryption key '00000000000000000000000000000000': 0 pak files mounted, 0 remain pending
[2019.01.29-00.23.41:701][  0]LogPakFile: Registered encryption key '00000000000000000000000000000000': 0 pak files mounted, 0 remain pending
[2019.01.29-00.23.41:708][  0]LogPakFile: Registered encryption key '00000000000000000000000000000000': 0 pak files mounted, 0 remain pending
[2019.01.29-00.23.41:714][  0]LogPakFile: Registered encryption key '00000000000000000000000000000000': 0 pak files mounted, 0 remain pending
[2019.01.29-00.23.41:722][  0]LogPakFile: Registered encryption key '00000000000000000000000000000000': 0 pak files mounted, 0 remain pending
[2019.01.29-00.23.41:728][  0]LogPakFile: Registered encryption key '00000000000000000000000000000000': 0 pak files mounted, 0 remain pending
[2019.01.29-00.23.41:750][  0]LogPakFile: Registered encryption key '00000000000000000000000000000000': 0 pak files mounted, 0 remain pending
[2019.01.29-00.23.42:483][  0]LogContentBrowser: Native class hierarchy updated for 'AddContentDialog' in 0.0003 seconds. Added 0 classes and 0 folders.
[2019.01.29-00.23.42:650][  0]LogSlate: Took 0.015724 seconds to synchronously load lazily loaded font '../../../Engine/Content/Slate/Fonts/Roboto-Regular.ttf' (155K)
[2019.01.29-00.23.42:714][  0]LogSlate: Took 0.040415 seconds to synchronously load lazily loaded font '../../../Engine/Content/Slate/Fonts/Roboto-Bold.ttf' (160K)
[2019.01.29-00.23.43:665][  0]LogRenderer: Reallocating scene render targets to support 852x624 Format 10 NumSamples 1 (Frame:1).
[2019.01.29-00.23.45:037][  0]LogContentBrowser: Native class hierarchy updated for 'HierarchicalLODOutliner' in 0.0003 seconds. Added 0 classes and 0 folders.
[2019.01.29-00.23.45:037][  0]LogLoad: (Engine Initialization) Total time: 114.65 seconds
[2019.01.29-00.23.45:037][  0]LogLoad: (Engine Initialization) Total Blueprint compile time: 0.00 seconds
[2019.01.29-00.23.46:009][  0]LogContentStreaming: Texture pool size now 1000 MB
[2019.01.29-00.23.46:797][  2]LogSlate: Took 0.050743 seconds to synchronously load lazily loaded font '../../../Engine/Content/Slate/Fonts/Roboto-Light.ttf' (167K)
[2019.01.29-00.23.47:080][  4]LogAssetRegistry: Asset discovery search completed in 83.8142 seconds
[2019.01.29-00.23.47:104][  4]LogCollectionManager: Rebuilt the object cache for 0 collections in 0.000001 seconds (found 0 objects)
[2019.01.29-00.23.47:104][  4]LogCollectionManager: Fixed up redirectors for 0 collections in 0.016092 seconds (updated 0 objects)
[2019.01.29-00.25.22:766][420]LogSlate: FSceneViewport::OnFocusLost() reason 0
[2019.01.29-00.25.23:951][467]LogAssetEditorManager: Opening Asset editor for Blueprint /Game/Alliance/Bp/Cristal.Cristal
[2019.01.29-00.25.25:738][467]LogContentBrowser: Native class hierarchy updated for 'BlueprintGraph' in 0.0229 seconds. Added 117 classes and 0 folders.
[2019.01.29-00.25.28:915][467]LogAssetEditorManager: Opening Asset editor for Blueprint /Game/Alliance/Bp/Colision.Colision
[2019.01.29-00.25.29:429][467]LogSlate: Took 0.031302 seconds to synchronously load lazily loaded font '../../../Engine/Content/Editor/Slate/Fonts/FontAwesome.ttf' (139K)
[2019.01.29-00.25.29:486][467]LogSlate: Took 0.024484 seconds to synchronously load lazily loaded font '../../../Engine/Content/Slate/Fonts/Roboto-BoldCondensed.ttf' (158K)
[2019.01.29-00.25.30:671][468]LogSlate: Took 0.000659 seconds to synchronously load lazily loaded font '../../../Engine/Content/Slate/Fonts/Roboto-Light.ttf' (167K)
[2019.01.29-00.25.34:764][834]LogSlate: Window 'Colision' being destroyed
[2019.01.29-00.25.34:767][834]LogSlate: Window 'Colision' being destroyed
[2019.01.29-00.25.35:288][834]LogActorComponent: UnregisterComponent: (/Engine/Transient.EditorFloorComp) Not registered. Aborting.
[2019.01.29-00.25.43:347][380]LogTemp: Repeating last play command: Selected Viewport
[2019.01.29-00.25.43:411][380]LogBlueprintUserMessages: Early PlayInEditor Detection: Level '/Game/Alliance/Alliance_Map.Alliance_Map:PersistentLevel' has LevelScriptBlueprint '/Game/Alliance/Alliance_Map.Alliance_Map:PersistentLevel.Alliance_Map' with GeneratedClass '/Game/Alliance/Alliance_Map.Alliance_Map_C' with ClassGeneratedBy '/Game/Alliance/Alliance_Map.Alliance_Map:PersistentLevel.Alliance_Map'
[2019.01.29-00.25.43:445][380]LogPlayLevel: PlayLevel: No blueprints needed recompiling
[2019.01.29-00.25.43:580][380]PIE: New page: Sesión PIE (reproducción en el editor): Alliance_Map (28/01/2019 10:25:43)
[2019.01.29-00.25.43:675][380]LogPlayLevel: Creating play world package: /Game/Alliance/UEDPIE_0_Alliance_Map
[2019.01.29-00.25.43:732][380]LogPlayLevel: PIE: StaticDuplicateObject took: (0.056211s)
[2019.01.29-00.25.43:733][380]LogAIModule: Creating AISystem for world Alliance_Map
[2019.01.29-00.25.43:742][380]LogPlayLevel: PIE: World Init took: (0.009982s)
[2019.01.29-00.25.43:742][380]LogPlayLevel: PIE: Created PIE world by copying editor world from /Game/Alliance/Alliance_Map.Alliance_Map to /Game/Alliance/UEDPIE_0_Alliance_Map.Alliance_Map (0.066824s)
[2019.01.29-00.25.43:931][380]LogInit: XAudio2 using 'Altavoces (3- USB Audio Device)' : 2 channels at 48 kHz using 16 bits per sample (channel mask 0x3)
[2019.01.29-00.25.43:948][380]LogInit: FAudioDevice initialized.
[2019.01.29-00.25.43:987][380]LogSlate: FSceneViewport::OnFocusLost() reason 2
[2019.01.29-00.25.44:154][380]LogLoad: Game class is 'ThirdPersonGameMode_C'
[2019.01.29-00.25.44:287][380]LogWorld: Bringing World /Game/Alliance/UEDPIE_0_Alliance_Map.Alliance_Map up for play (max tick rate 0) at 2019.01.28-17.25.44
[2019.01.29-00.25.44:325][380]LogWorld: Bringing up level for play took: 0.039917
[2019.01.29-00.25.44:617][380]LogContentBrowser: Native class hierarchy updated for 'MovieSceneCapture' in 0.0004 seconds. Added 20 classes and 0 folders.
[2019.01.29-00.25.45:159][380]PIE: Tiempo de inicio de la reproducción en el editor para  /Game/Alliance/UEDPIE_0_Alliance_Map 1.157
[2019.01.29-00.25.45:159][380]LogBlueprintUserMessages: Late PlayInEditor Detection: Level '/Game/Alliance/Alliance_Map.Alliance_Map:PersistentLevel' has LevelScriptBlueprint '/Game/Alliance/Alliance_Map.Alliance_Map:PersistentLevel.Alliance_Map' with GeneratedClass '/Game/Alliance/Alliance_Map.Alliance_Map_C' with ClassGeneratedBy '/Game/Alliance/Alliance_Map.Alliance_Map:PersistentLevel.Alliance_Map'
[2019.01.29-00.25.49:958][534]LogBlueprintUserMessages: [ThirdPersonCharacter_C_0] 0
[2019.01.29-00.25.50:945][569]LogBlueprintUserMessages: [ThirdPersonCharacter_C_0] 1
[2019.01.29-00.25.51:961][602]LogBlueprintUserMessages: [ThirdPersonCharacter_C_0] 2
[2019.01.29-00.25.52:958][634]LogBlueprintUserMessages: [ThirdPersonCharacter_C_0] 3
[2019.01.29-00.25.57:204][779]LogBlueprintUserMessages: [Buffo_2] Buffo obtenido 
[2019.01.29-00.25.59:087][844]LogBlueprintUserMessages: [ThirdPersonCharacter_C_0] 3
[2019.01.29-00.26.00:102][879]LogBlueprintUserMessages: [ThirdPersonCharacter_C_0] 5
[2019.01.29-00.26.01:100][912]LogBlueprintUserMessages: [ThirdPersonCharacter_C_0] 7
[2019.01.29-00.26.02:091][946]LogBlueprintUserMessages: [ThirdPersonCharacter_C_0] 9
[2019.01.29-00.26.02:213][950]LogBlueprintUserMessages: [Buffo_2] El buffo está por terminar 
[2019.01.29-00.26.03:103][981]LogBlueprintUserMessages: [ThirdPersonCharacter_C_0] 11
[2019.01.29-00.26.04:103][ 14]LogBlueprintUserMessages: [ThirdPersonCharacter_C_0] 13
[2019.01.29-00.26.05:100][ 46]LogBlueprintUserMessages: [ThirdPersonCharacter_C_0] 15
[2019.01.29-00.26.06:111][ 79]LogBlueprintUserMessages: [ThirdPersonCharacter_C_0] 17
[2019.01.29-00.26.07:108][112]LogBlueprintUserMessages: [ThirdPersonCharacter_C_0] 19
[2019.01.29-00.26.07:235][116]LogBlueprintUserMessages: [Buffo_2] Adios buffo
[2019.01.29-00.26.08:117][144]LogBlueprintUserMessages: [ThirdPersonCharacter_C_0] 20
[2019.01.29-00.26.09:116][177]LogBlueprintUserMessages: [ThirdPersonCharacter_C_0] 21
[2019.01.29-00.26.10:099][209]LogBlueprintUserMessages: [ThirdPersonCharacter_C_0] 22
[2019.01.29-00.26.11:111][243]LogBlueprintUserMessages: [ThirdPersonCharacter_C_0] 23
[2019.01.29-00.26.15:027][371]LogBlueprintUserMessages: [Buffo_2] Buffo obtenido 
[2019.01.29-00.26.20:050][539]LogBlueprintUserMessages: [Buffo_2] El buffo está por terminar 
[2019.01.29-00.26.25:039][709]LogBlueprintUserMessages: [Buffo_2] Adios buffo
[2019.01.29-00.26.27:569][794]LogBlueprintUserMessages: Early EndPlayMap Detection: Level '/Game/Alliance/Alliance_Map.Alliance_Map:PersistentLevel' has LevelScriptBlueprint '/Game/Alliance/Alliance_Map.Alliance_Map:PersistentLevel.Alliance_Map' with GeneratedClass '/Game/Alliance/Alliance_Map.Alliance_Map_C' with ClassGeneratedBy '/Game/Alliance/Alliance_Map.Alliance_Map:PersistentLevel.Alliance_Map'
[2019.01.29-00.26.27:614][794]LogSlate: Updating window title bar state: overlay mode, drag disabled, window buttons hidden, title bar hidden
[2019.01.29-00.26.27:832][794]LogPlayLevel: Display: Shutting down PIE online subsystems
[2019.01.29-00.26.27:843][794]LogBlueprintUserMessages: Late EndPlayMap Detection: Level '/Game/Alliance/Alliance_Map.Alliance_Map:PersistentLevel' has LevelScriptBlueprint '/Game/Alliance/Alliance_Map.Alliance_Map:PersistentLevel.Alliance_Map' with GeneratedClass '/Game/Alliance/Alliance_Map.Alliance_Map_C' with ClassGeneratedBy '/Game/Alliance/Alliance_Map.Alliance_Map:PersistentLevel.Alliance_Map'
[2019.01.29-00.26.27:956][794]LogSlate: Updating window title bar state: overlay mode, drag disabled, window buttons hidden, title bar hidden
[2019.01.29-00.26.28:063][795]LogPlayLevel: Display: Destroying online subsystem :Context_7
[2019.01.29-00.27.25:309][  0]LogSlate: FSceneViewport::OnFocusLost() reason 0
[2019.01.29-03.09.58:951][137]LogSlate: Window 'Inicio de sesión del control del código fuente' being destroyed
[2019.01.29-03.10.05:242][271]LogSlate: Window 'MyProject - Unreal Editor' being destroyed
[2019.01.29-03.10.06:303][272]Cmd: QUIT_EDITOR
[2019.01.29-03.10.07:440][272]LogWindowsTextInputMethodSystem: Display: IME system now deactivated.
[2019.01.29-03.10.07:525][272]LogExit: Preparing to exit.
